<?xml version="1.0" encoding="UTF-8"?>
<Site BuildName="Linux-c89-gcc"
	BuildStamp="20231221-0540-Experimental"
	Name="bergemon-Aspire-A715-76G"
	Generator="ctest-3.27.9"
	CompilerName=""
	CompilerVersion=""
	OSName="Linux"
	Hostname="bergemon-Aspire-A715-76G"
	OSRelease="6.2.0-39-generic"
	OSVersion="#40~22.04.1-Ubuntu SMP PREEMPT_DYNAMIC Thu Nov 16 10:53:04 UTC 2"
	OSPlatform="x86_64"
	Is64Bits="1"
	VendorString="GenuineIntel"
	VendorID="Intel Corporation"
	FamilyID="6"
	ModelID="154"
	ProcessorCacheSize="12288"
	NumberOfLogicalCPU="12"
	NumberOfPhysicalCPU="8"
	TotalVirtualMemory="2047"
	TotalPhysicalMemory="15689"
	LogicalProcessorsPerPhysical="1"
	ProcessorClockFrequency="1370.52"
	>
	<Testing>
		<StartDateTime>Dec 21 11:48 +06</StartDateTime>
		<StartTestTime>1703137685</StartTestTime>
		<TestList/>
		<EndDateTime>Dec 21 11:48 +06</EndDateTime>
		<EndTestTime>1703137685</EndTestTime>
		<ElapsedMinutes>0</ElapsedMinutes>
	</Testing>
</Site>
