<?xml version="1.0" encoding="UTF-8"?>
<Site BuildName="Linux-c++"
	BuildStamp="20240103-0920-Experimental"
	Name="bergemon-Aspire-A715-76G"
	Generator="ctest-3.27.9"
	CompilerName="/usr/bin/c++"
	CompilerVersion="11.4.0"
	OSName="Linux"
	Hostname="bergemon-Aspire-A715-76G"
	OSRelease="6.2.0-39-generic"
	OSVersion="#40~22.04.1-Ubuntu SMP PREEMPT_DYNAMIC Thu Nov 16 10:53:04 UTC 2"
	OSPlatform="x86_64"
	Is64Bits="1"
	VendorString="GenuineIntel"
	VendorID="Intel Corporation"
	FamilyID="6"
	ModelID="154"
	ProcessorCacheSize="12288"
	NumberOfLogicalCPU="12"
	NumberOfPhysicalCPU="8"
	TotalVirtualMemory="2047"
	TotalPhysicalMemory="15689"
	LogicalProcessorsPerPhysical="1"
	ProcessorClockFrequency="2756.33"
	>
	<Testing>
		<StartDateTime>Jan 03 22:17 +06</StartDateTime>
		<StartTestTime>1704298675</StartTestTime>
		<TestList/>
		<EndDateTime>Jan 03 22:17 +06</EndDateTime>
		<EndTestTime>1704298675</EndTestTime>
		<ElapsedMinutes>0</ElapsedMinutes>
	</Testing>
</Site>
